{"C:\\Users\\medion\\Documents\\cse341-bikeshop\\server.js": {"path":"C:\\Users\\medion\\Documents\\cse341-bikeshop\\server.js","statementMap":{"0":{"start":{"line":1,"column":0},"end":{"line":1,"column":27}},"1":{"start":{"line":2,"column":16},"end":{"line":2,"column":34}},"2":{"start":{"line":3,"column":12},"end":{"line":3,"column":21}},"3":{"start":{"line":4,"column":17},"end":{"line":4,"column":36}},"4":{"start":{"line":5,"column":19},"end":{"line":5,"column":41}},"5":{"start":{"line":6,"column":18},"end":{"line":6,"column":50}},"6":{"start":{"line":7,"column":13},"end":{"line":7,"column":28}},"7":{"start":{"line":8,"column":16},"end":{"line":8,"column":42}},"8":{"start":{"line":9,"column":19},"end":{"line":9,"column":43}},"9":{"start":{"line":10,"column":17},"end":{"line":10,"column":36}},"10":{"start":{"line":11,"column":23},"end":{"line":11,"column":59}},"11":{"start":{"line":12,"column":13},"end":{"line":12,"column":37}},"12":{"start":{"line":14,"column":0},"end":{"line":14,"column":12}},"13":{"start":{"line":16,"column":0},"end":{"line":16,"column":27}},"14":{"start":{"line":18,"column":0},"end":{"line":28,"column":2}},"15":{"start":{"line":29,"column":0},"end":{"line":29,"column":31}},"16":{"start":{"line":30,"column":0},"end":{"line":30,"column":28}},"17":{"start":{"line":32,"column":0},"end":{"line":43,"column":3}},"18":{"start":{"line":33,"column":2},"end":{"line":33,"column":52}},"19":{"start":{"line":34,"column":2},"end":{"line":37,"column":4}},"20":{"start":{"line":38,"column":2},"end":{"line":41,"column":4}},"21":{"start":{"line":42,"column":2},"end":{"line":42,"column":9}},"22":{"start":{"line":45,"column":0},"end":{"line":52,"column":2}},"23":{"start":{"line":53,"column":0},"end":{"line":53,"column":34}},"24":{"start":{"line":55,"column":0},"end":{"line":66,"column":2}},"25":{"start":{"line":63,"column":6},"end":{"line":63,"column":33}},"26":{"start":{"line":67,"column":0},"end":{"line":69,"column":3}},"27":{"start":{"line":68,"column":2},"end":{"line":68,"column":19}},"28":{"start":{"line":71,"column":0},"end":{"line":73,"column":3}},"29":{"start":{"line":72,"column":2},"end":{"line":72,"column":19}},"30":{"start":{"line":75,"column":0},"end":{"line":81,"column":3}},"31":{"start":{"line":76,"column":2},"end":{"line":80,"column":4}},"32":{"start":{"line":83,"column":0},"end":{"line":92,"column":2}},"33":{"start":{"line":90,"column":4},"end":{"line":90,"column":53}},"34":{"start":{"line":94,"column":0},"end":{"line":96,"column":3}},"35":{"start":{"line":95,"column":2},"end":{"line":95,"column":40}},"36":{"start":{"line":100,"column":0},"end":{"line":104,"column":3}},"37":{"start":{"line":101,"column":16},"end":{"line":101,"column":50}},"38":{"start":{"line":102,"column":2},"end":{"line":102,"column":21}},"39":{"start":{"line":103,"column":2},"end":{"line":103,"column":14}},"40":{"start":{"line":106,"column":0},"end":{"line":110,"column":3}},"41":{"start":{"line":107,"column":2},"end":{"line":107,"column":34}},"42":{"start":{"line":108,"column":2},"end":{"line":108,"column":37}},"43":{"start":{"line":109,"column":2},"end":{"line":109,"column":9}},"44":{"start":{"line":111,"column":0},"end":{"line":111,"column":21}},"45":{"start":{"line":112,"column":0},"end":{"line":117,"column":3}},"46":{"start":{"line":113,"column":2},"end":{"line":113,"column":47}},"47":{"start":{"line":114,"column":2},"end":{"line":116,"column":5}},"48":{"start":{"line":115,"column":4},"end":{"line":115,"column":50}}},"fnMap":{"0":{"name":"(anonymous_0)","decl":{"start":{"line":32,"column":8},"end":{"line":32,"column":9}},"loc":{"start":{"line":32,"column":28},"end":{"line":43,"column":1}},"line":32},"1":{"name":"(anonymous_1)","decl":{"start":{"line":62,"column":4},"end":{"line":62,"column":5}},"loc":{"start":{"line":62,"column":56},"end":{"line":64,"column":5}},"line":62},"2":{"name":"(anonymous_2)","decl":{"start":{"line":67,"column":23},"end":{"line":67,"column":24}},"loc":{"start":{"line":67,"column":39},"end":{"line":69,"column":1}},"line":67},"3":{"name":"(anonymous_3)","decl":{"start":{"line":71,"column":25},"end":{"line":71,"column":26}},"loc":{"start":{"line":71,"column":41},"end":{"line":73,"column":1}},"line":71},"4":{"name":"(anonymous_4)","decl":{"start":{"line":75,"column":13},"end":{"line":75,"column":14}},"loc":{"start":{"line":75,"column":27},"end":{"line":81,"column":1}},"line":75},"5":{"name":"(anonymous_5)","decl":{"start":{"line":89,"column":2},"end":{"line":89,"column":3}},"loc":{"start":{"line":89,"column":16},"end":{"line":91,"column":3}},"line":89},"6":{"name":"(anonymous_6)","decl":{"start":{"line":94,"column":26},"end":{"line":94,"column":27}},"loc":{"start":{"line":94,"column":40},"end":{"line":96,"column":1}},"line":94},"7":{"name":"(anonymous_7)","decl":{"start":{"line":100,"column":8},"end":{"line":100,"column":9}},"loc":{"start":{"line":100,"column":28},"end":{"line":104,"column":1}},"line":100},"8":{"name":"(anonymous_8)","decl":{"start":{"line":106,"column":8},"end":{"line":106,"column":9}},"loc":{"start":{"line":106,"column":35},"end":{"line":110,"column":1}},"line":106},"9":{"name":"(anonymous_9)","decl":{"start":{"line":112,"column":33},"end":{"line":112,"column":34}},"loc":{"start":{"line":112,"column":39},"end":{"line":117,"column":1}},"line":112},"10":{"name":"(anonymous_10)","decl":{"start":{"line":114,"column":19},"end":{"line":114,"column":20}},"loc":{"start":{"line":114,"column":25},"end":{"line":116,"column":3}},"line":114}},"branchMap":{"0":{"loc":{"start":{"line":12,"column":13},"end":{"line":12,"column":37}},"type":"binary-expr","locations":[{"start":{"line":12,"column":13},"end":{"line":12,"column":29}},{"start":{"line":12,"column":33},"end":{"line":12,"column":37}}],"line":12},"1":{"loc":{"start":{"line":77,"column":4},"end":{"line":79,"column":28}},"type":"cond-expr","locations":[{"start":{"line":78,"column":8},"end":{"line":78,"column":54}},{"start":{"line":79,"column":8},"end":{"line":79,"column":28}}],"line":77},"2":{"loc":{"start":{"line":107,"column":13},"end":{"line":107,"column":32}},"type":"binary-expr","locations":[{"start":{"line":107,"column":13},"end":{"line":107,"column":25}},{"start":{"line":107,"column":29},"end":{"line":107,"column":32}}],"line":107}},"s":{"0":1,"1":1,"2":1,"3":1,"4":1,"5":1,"6":1,"7":1,"8":1,"9":1,"10":1,"11":1,"12":1,"13":1,"14":1,"15":1,"16":1,"17":1,"18":4,"19":4,"20":4,"21":4,"22":1,"23":1,"24":1,"25":1,"26":1,"27":0,"28":1,"29":0,"30":1,"31":1,"32":1,"33":1,"34":1,"35":1,"36":1,"37":1,"38":1,"39":1,"40":1,"41":1,"42":1,"43":1,"44":1,"45":1,"46":1,"47":1,"48":1},"f":{"0":4,"1":1,"2":0,"3":0,"4":1,"5":1,"6":1,"7":1,"8":1,"9":1,"10":1},"b":{"0":[1,1],"1":[0,1],"2":[1,0]},"_coverageSchema":"1a1c01bbd47fc00a2c39e90264f33305004495a9","hash":"7c09f0b3091f7ccb3759ca38c8848a2861f57ad5"}
,"C:\\Users\\medion\\Documents\\cse341-bikeshop\\config\\dbConnection.js": {"path":"C:\\Users\\medion\\Documents\\cse341-bikeshop\\config\\dbConnection.js","statementMap":{"0":{"start":{"line":1,"column":17},"end":{"line":1,"column":36}},"1":{"start":{"line":3,"column":23},"end":{"line":9,"column":1}},"2":{"start":{"line":4,"column":2},"end":{"line":8,"column":3}},"3":{"start":{"line":5,"column":4},"end":{"line":5,"column":52}},"4":{"start":{"line":7,"column":4},"end":{"line":7,"column":23}},"5":{"start":{"line":11,"column":0},"end":{"line":11,"column":32}}},"fnMap":{"0":{"name":"(anonymous_0)","decl":{"start":{"line":3,"column":23},"end":{"line":3,"column":24}},"loc":{"start":{"line":3,"column":35},"end":{"line":9,"column":1}},"line":3}},"branchMap":{},"s":{"0":1,"1":1,"2":1,"3":1,"4":0,"5":1},"f":{"0":1},"b":{},"_coverageSchema":"1a1c01bbd47fc00a2c39e90264f33305004495a9","hash":"0fe5950b258e8e4f5a37e6d311a4da09185e99e7"}
,"C:\\Users\\medion\\Documents\\cse341-bikeshop\\controller\\orderController.js": {"path":"C:\\Users\\medion\\Documents\\cse341-bikeshop\\controller\\orderController.js","statementMap":{"0":{"start":{"line":1,"column":17},"end":{"line":1,"column":36}},"1":{"start":{"line":2,"column":20},"end":{"line":2,"column":45}},"2":{"start":{"line":3,"column":19},"end":{"line":3,"column":43}},"3":{"start":{"line":4,"column":22},"end":{"line":4,"column":49}},"4":{"start":{"line":5,"column":18},"end":{"line":5,"column":58}},"5":{"start":{"line":6,"column":20},"end":{"line":6,"column":37}},"6":{"start":{"line":7,"column":14},"end":{"line":7,"column":37}},"7":{"start":{"line":8,"column":16},"end":{"line":8,"column":41}},"8":{"start":{"line":9,"column":13},"end":{"line":9,"column":35}},"9":{"start":{"line":18,"column":20},"end":{"line":40,"column":1}},"10":{"start":{"line":21,"column":18},"end":{"line":24,"column":6}},"11":{"start":{"line":25,"column":4},"end":{"line":39,"column":5}},"12":{"start":{"line":26,"column":8},"end":{"line":26,"column":27}},"13":{"start":{"line":27,"column":21},"end":{"line":27,"column":57}},"14":{"start":{"line":30,"column":8},"end":{"line":32,"column":9}},"15":{"start":{"line":31,"column":12},"end":{"line":31,"column":29}},"16":{"start":{"line":33,"column":8},"end":{"line":33,"column":36}},"17":{"start":{"line":34,"column":8},"end":{"line":34,"column":55}},"18":{"start":{"line":35,"column":8},"end":{"line":35,"column":69}},"19":{"start":{"line":38,"column":8},"end":{"line":38,"column":96}},"20":{"start":{"line":43,"column":20},"end":{"line":63,"column":1}},"21":{"start":{"line":45,"column":24},"end":{"line":45,"column":40}},"22":{"start":{"line":46,"column":4},"end":{"line":46,"column":38}},"23":{"start":{"line":46,"column":32},"end":{"line":46,"column":37}},"24":{"start":{"line":47,"column":4},"end":{"line":62,"column":5}},"25":{"start":{"line":50,"column":28},"end":{"line":50,"column":70}},"26":{"start":{"line":51,"column":8},"end":{"line":53,"column":9}},"27":{"start":{"line":52,"column":8},"end":{"line":52,"column":97}},"28":{"start":{"line":57,"column":8},"end":{"line":57,"column":138}},"29":{"start":{"line":58,"column":8},"end":{"line":58,"column":91}},"30":{"start":{"line":61,"column":8},"end":{"line":61,"column":75}},"31":{"start":{"line":70,"column":21},"end":{"line":77,"column":1}},"32":{"start":{"line":71,"column":4},"end":{"line":76,"column":5}},"33":{"start":{"line":72,"column":23},"end":{"line":72,"column":41}},"34":{"start":{"line":73,"column":8},"end":{"line":73,"column":37}},"35":{"start":{"line":75,"column":8},"end":{"line":75,"column":81}},"36":{"start":{"line":80,"column":22},"end":{"line":94,"column":1}},"37":{"start":{"line":81,"column":4},"end":{"line":93,"column":5}},"38":{"start":{"line":82,"column":8},"end":{"line":82,"column":44}},"39":{"start":{"line":82,"column":38},"end":{"line":82,"column":43}},"40":{"start":{"line":83,"column":22},"end":{"line":83,"column":57}},"41":{"start":{"line":85,"column":8},"end":{"line":87,"column":9}},"42":{"start":{"line":86,"column":12},"end":{"line":86,"column":69}},"43":{"start":{"line":89,"column":8},"end":{"line":89,"column":36}},"44":{"start":{"line":92,"column":8},"end":{"line":92,"column":80}},"45":{"start":{"line":101,"column":19},"end":{"line":126,"column":1}},"46":{"start":{"line":102,"column":4},"end":{"line":102,"column":36}},"47":{"start":{"line":103,"column":4},"end":{"line":103,"column":45}},"48":{"start":{"line":103,"column":39},"end":{"line":103,"column":44}},"49":{"start":{"line":104,"column":4},"end":{"line":106,"column":5}},"50":{"start":{"line":105,"column":8},"end":{"line":105,"column":82}},"51":{"start":{"line":107,"column":4},"end":{"line":124,"column":5}},"52":{"start":{"line":108,"column":22},"end":{"line":108,"column":62}},"53":{"start":{"line":109,"column":29},"end":{"line":109,"column":47}},"54":{"start":{"line":110,"column":30},"end":{"line":110,"column":47}},"55":{"start":{"line":111,"column":30},"end":{"line":111,"column":44}},"56":{"start":{"line":114,"column":32},"end":{"line":114,"column":119}},"57":{"start":{"line":114,"column":62},"end":{"line":114,"column":118}},"58":{"start":{"line":115,"column":8},"end":{"line":119,"column":9}},"59":{"start":{"line":116,"column":12},"end":{"line":116,"column":94}},"60":{"start":{"line":118,"column":12},"end":{"line":118,"column":54}},"61":{"start":{"line":120,"column":8},"end":{"line":120,"column":27}},"62":{"start":{"line":121,"column":8},"end":{"line":121,"column":84}},"63":{"start":{"line":123,"column":8},"end":{"line":123,"column":90}},"64":{"start":{"line":128,"column":22},"end":{"line":163,"column":1}},"65":{"start":{"line":129,"column":4},"end":{"line":129,"column":45}},"66":{"start":{"line":129,"column":39},"end":{"line":129,"column":44}},"67":{"start":{"line":130,"column":4},"end":{"line":162,"column":5}},"68":{"start":{"line":131,"column":22},"end":{"line":131,"column":62}},"69":{"start":{"line":132,"column":32},"end":{"line":132,"column":50}},"70":{"start":{"line":133,"column":33},"end":{"line":133,"column":50}},"71":{"start":{"line":134,"column":30},"end":{"line":134,"column":44}},"72":{"start":{"line":136,"column":31},"end":{"line":136,"column":121}},"73":{"start":{"line":136,"column":61},"end":{"line":136,"column":120}},"74":{"start":{"line":137,"column":8},"end":{"line":159,"column":9}},"75":{"start":{"line":138,"column":12},"end":{"line":138,"column":78}},"76":{"start":{"line":141,"column":12},"end":{"line":155,"column":13}},"77":{"start":{"line":142,"column":16},"end":{"line":145,"column":18}},"78":{"start":{"line":147,"column":16},"end":{"line":149,"column":18}},"79":{"start":{"line":148,"column":20},"end":{"line":148,"column":122}},"80":{"start":{"line":150,"column":16},"end":{"line":154,"column":17}},"81":{"start":{"line":151,"column":20},"end":{"line":151,"column":59}},"82":{"start":{"line":153,"column":20},"end":{"line":153,"column":38}},"83":{"start":{"line":158,"column":12},"end":{"line":158,"column":82}},"84":{"start":{"line":161,"column":8},"end":{"line":161,"column":91}},"85":{"start":{"line":166,"column":19},"end":{"line":193,"column":1}},"86":{"start":{"line":168,"column":4},"end":{"line":192,"column":5}},"87":{"start":{"line":169,"column":28},"end":{"line":169,"column":38}},"88":{"start":{"line":170,"column":27},"end":{"line":170,"column":35}},"89":{"start":{"line":172,"column":8},"end":{"line":172,"column":92}},"90":{"start":{"line":172,"column":33},"end":{"line":172,"column":91}},"91":{"start":{"line":174,"column":8},"end":{"line":174,"column":152}},"92":{"start":{"line":174,"column":88},"end":{"line":174,"column":151}},"93":{"start":{"line":176,"column":22},"end":{"line":176,"column":51}},"94":{"start":{"line":177,"column":26},"end":{"line":177,"column":38}},"95":{"start":{"line":180,"column":8},"end":{"line":180,"column":79}},"96":{"start":{"line":183,"column":8},"end":{"line":183,"column":73}},"97":{"start":{"line":186,"column":8},"end":{"line":186,"column":105}},"98":{"start":{"line":188,"column":8},"end":{"line":188,"column":84}},"99":{"start":{"line":191,"column":8},"end":{"line":191,"column":47}},"100":{"start":{"line":196,"column":16},"end":{"line":200,"column":1}},"101":{"start":{"line":197,"column":4},"end":{"line":199,"column":5}},"102":{"start":{"line":198,"column":8},"end":{"line":198,"column":21}},"103":{"start":{"line":199,"column":6},"end":{"line":199,"column":17}},"104":{"start":{"line":202,"column":0},"end":{"line":202,"column":112}}},"fnMap":{"0":{"name":"(anonymous_0)","decl":{"start":{"line":18,"column":20},"end":{"line":18,"column":21}},"loc":{"start":{"line":18,"column":46},"end":{"line":40,"column":1}},"line":18},"1":{"name":"(anonymous_1)","decl":{"start":{"line":43,"column":20},"end":{"line":43,"column":21}},"loc":{"start":{"line":43,"column":46},"end":{"line":63,"column":1}},"line":43},"2":{"name":"(anonymous_2)","decl":{"start":{"line":70,"column":21},"end":{"line":70,"column":22}},"loc":{"start":{"line":70,"column":41},"end":{"line":77,"column":1}},"line":70},"3":{"name":"(anonymous_3)","decl":{"start":{"line":80,"column":22},"end":{"line":80,"column":23}},"loc":{"start":{"line":80,"column":42},"end":{"line":94,"column":1}},"line":80},"4":{"name":"(anonymous_4)","decl":{"start":{"line":101,"column":19},"end":{"line":101,"column":20}},"loc":{"start":{"line":101,"column":39},"end":{"line":126,"column":1}},"line":101},"5":{"name":"(anonymous_5)","decl":{"start":{"line":114,"column":51},"end":{"line":114,"column":52}},"loc":{"start":{"line":114,"column":62},"end":{"line":114,"column":118}},"line":114},"6":{"name":"(anonymous_6)","decl":{"start":{"line":128,"column":22},"end":{"line":128,"column":23}},"loc":{"start":{"line":128,"column":42},"end":{"line":163,"column":1}},"line":128},"7":{"name":"(anonymous_7)","decl":{"start":{"line":136,"column":50},"end":{"line":136,"column":51}},"loc":{"start":{"line":136,"column":61},"end":{"line":136,"column":120}},"line":136},"8":{"name":"(anonymous_8)","decl":{"start":{"line":147,"column":55},"end":{"line":147,"column":56}},"loc":{"start":{"line":148,"column":20},"end":{"line":148,"column":122}},"line":148},"9":{"name":"(anonymous_9)","decl":{"start":{"line":166,"column":19},"end":{"line":166,"column":20}},"loc":{"start":{"line":166,"column":39},"end":{"line":193,"column":1}},"line":166},"10":{"name":"(anonymous_10)","decl":{"start":{"line":196,"column":16},"end":{"line":196,"column":17}},"loc":{"start":{"line":196,"column":24},"end":{"line":200,"column":1}},"line":196}},"branchMap":{"0":{"loc":{"start":{"line":30,"column":8},"end":{"line":32,"column":9}},"type":"if","locations":[{"start":{"line":30,"column":8},"end":{"line":32,"column":9}},{"start":{},"end":{}}],"line":30},"1":{"loc":{"start":{"line":46,"column":4},"end":{"line":46,"column":38}},"type":"if","locations":[{"start":{"line":46,"column":4},"end":{"line":46,"column":38}},{"start":{},"end":{}}],"line":46},"2":{"loc":{"start":{"line":51,"column":8},"end":{"line":53,"column":9}},"type":"if","locations":[{"start":{"line":51,"column":8},"end":{"line":53,"column":9}},{"start":{},"end":{}}],"line":51},"3":{"loc":{"start":{"line":82,"column":8},"end":{"line":82,"column":44}},"type":"if","locations":[{"start":{"line":82,"column":8},"end":{"line":82,"column":44}},{"start":{},"end":{}}],"line":82},"4":{"loc":{"start":{"line":85,"column":8},"end":{"line":87,"column":9}},"type":"if","locations":[{"start":{"line":85,"column":8},"end":{"line":87,"column":9}},{"start":{},"end":{}}],"line":85},"5":{"loc":{"start":{"line":103,"column":4},"end":{"line":103,"column":45}},"type":"if","locations":[{"start":{"line":103,"column":4},"end":{"line":103,"column":45}},{"start":{},"end":{}}],"line":103},"6":{"loc":{"start":{"line":104,"column":4},"end":{"line":106,"column":5}},"type":"if","locations":[{"start":{"line":104,"column":4},"end":{"line":106,"column":5}},{"start":{},"end":{}}],"line":104},"7":{"loc":{"start":{"line":115,"column":8},"end":{"line":119,"column":9}},"type":"if","locations":[{"start":{"line":115,"column":8},"end":{"line":119,"column":9}},{"start":{"line":117,"column":15},"end":{"line":119,"column":9}}],"line":115},"8":{"loc":{"start":{"line":129,"column":4},"end":{"line":129,"column":45}},"type":"if","locations":[{"start":{"line":129,"column":4},"end":{"line":129,"column":45}},{"start":{},"end":{}}],"line":129},"9":{"loc":{"start":{"line":137,"column":8},"end":{"line":159,"column":9}},"type":"if","locations":[{"start":{"line":137,"column":8},"end":{"line":159,"column":9}},{"start":{"line":139,"column":15},"end":{"line":159,"column":9}}],"line":137},"10":{"loc":{"start":{"line":141,"column":12},"end":{"line":155,"column":13}},"type":"if","locations":[{"start":{"line":141,"column":12},"end":{"line":155,"column":13}},{"start":{"line":146,"column":19},"end":{"line":155,"column":13}}],"line":141},"11":{"loc":{"start":{"line":148,"column":22},"end":{"line":148,"column":121}},"type":"binary-expr","locations":[{"start":{"line":148,"column":22},"end":{"line":148,"column":81}},{"start":{"line":148,"column":85},"end":{"line":148,"column":121}}],"line":148},"12":{"loc":{"start":{"line":150,"column":16},"end":{"line":154,"column":17}},"type":"if","locations":[{"start":{"line":150,"column":16},"end":{"line":154,"column":17}},{"start":{"line":152,"column":23},"end":{"line":154,"column":17}}],"line":150},"13":{"loc":{"start":{"line":172,"column":8},"end":{"line":172,"column":92}},"type":"if","locations":[{"start":{"line":172,"column":8},"end":{"line":172,"column":92}},{"start":{},"end":{}}],"line":172},"14":{"loc":{"start":{"line":174,"column":8},"end":{"line":174,"column":152}},"type":"if","locations":[{"start":{"line":174,"column":8},"end":{"line":174,"column":152}},{"start":{},"end":{}}],"line":174},"15":{"loc":{"start":{"line":174,"column":12},"end":{"line":174,"column":84}},"type":"binary-expr","locations":[{"start":{"line":174,"column":12},"end":{"line":174,"column":47}},{"start":{"line":174,"column":51},"end":{"line":174,"column":84}}],"line":174},"16":{"loc":{"start":{"line":197,"column":4},"end":{"line":199,"column":5}},"type":"if","locations":[{"start":{"line":197,"column":4},"end":{"line":199,"column":5}},{"start":{},"end":{}}],"line":197}},"s":{"0":1,"1":1,"2":1,"3":1,"4":1,"5":1,"6":1,"7":1,"8":1,"9":1,"10":0,"11":0,"12":0,"13":0,"14":0,"15":0,"16":0,"17":0,"18":0,"19":0,"20":1,"21":0,"22":0,"23":0,"24":0,"25":0,"26":0,"27":0,"28":0,"29":0,"30":0,"31":1,"32":0,"33":0,"34":0,"35":0,"36":1,"37":0,"38":0,"39":0,"40":0,"41":0,"42":0,"43":0,"44":0,"45":1,"46":0,"47":0,"48":0,"49":0,"50":0,"51":0,"52":0,"53":0,"54":0,"55":0,"56":0,"57":0,"58":0,"59":0,"60":0,"61":0,"62":0,"63":0,"64":1,"65":0,"66":0,"67":0,"68":0,"69":0,"70":0,"71":0,"72":0,"73":0,"74":0,"75":0,"76":0,"77":0,"78":0,"79":0,"80":0,"81":0,"82":0,"83":0,"84":0,"85":1,"86":0,"87":0,"88":0,"89":0,"90":0,"91":0,"92":0,"93":0,"94":0,"95":0,"96":0,"97":0,"98":0,"99":0,"100":1,"101":0,"102":0,"103":0,"104":1},"f":{"0":0,"1":0,"2":0,"3":0,"4":0,"5":0,"6":0,"7":0,"8":0,"9":0,"10":0},"b":{"0":[0,0],"1":[0,0],"2":[0,0],"3":[0,0],"4":[0,0],"5":[0,0],"6":[0,0],"7":[0,0],"8":[0,0],"9":[0,0],"10":[0,0],"11":[0,0],"12":[0,0],"13":[0,0],"14":[0,0],"15":[0,0],"16":[0,0]},"_coverageSchema":"1a1c01bbd47fc00a2c39e90264f33305004495a9","hash":"322d2b1332459810f01a6163d78c4fb5f47fe539"}
,"C:\\Users\\medion\\Documents\\cse341-bikeshop\\controller\\productController.js": {"path":"C:\\Users\\medion\\Documents\\cse341-bikeshop\\controller\\productController.js","statementMap":{"0":{"start":{"line":1,"column":16},"end":{"line":1,"column":43}},"1":{"start":{"line":2,"column":22},"end":{"line":2,"column":62}},"2":{"start":{"line":3,"column":17},"end":{"line":3,"column":36}},"3":{"start":{"line":5,"column":22},"end":{"line":22,"column":1}},"4":{"start":{"line":6,"column":27},"end":{"line":8,"column":4}},"5":{"start":{"line":9,"column":2},"end":{"line":14,"column":3}},"6":{"start":{"line":10,"column":4},"end":{"line":13,"column":7}},"7":{"start":{"line":12,"column":42},"end":{"line":12,"column":53}},"8":{"start":{"line":15,"column":2},"end":{"line":21,"column":3}},"9":{"start":{"line":16,"column":20},"end":{"line":16,"column":38}},"10":{"start":{"line":17,"column":23},"end":{"line":17,"column":43}},"11":{"start":{"line":18,"column":4},"end":{"line":18,"column":37}},"12":{"start":{"line":20,"column":4},"end":{"line":20,"column":16}},"13":{"start":{"line":24,"column":20},"end":{"line":35,"column":1}},"14":{"start":{"line":25,"column":2},"end":{"line":34,"column":3}},"15":{"start":{"line":26,"column":21},"end":{"line":26,"column":41}},"16":{"start":{"line":28,"column":4},"end":{"line":30,"column":5}},"17":{"start":{"line":29,"column":6},"end":{"line":29,"column":43}},"18":{"start":{"line":31,"column":4},"end":{"line":31,"column":35}},"19":{"start":{"line":33,"column":4},"end":{"line":33,"column":16}},"20":{"start":{"line":37,"column":23},"end":{"line":54,"column":1}},"21":{"start":{"line":38,"column":20},"end":{"line":38,"column":37}},"22":{"start":{"line":40,"column":2},"end":{"line":42,"column":3}},"23":{"start":{"line":41,"column":4},"end":{"line":41,"column":64}},"24":{"start":{"line":43,"column":2},"end":{"line":53,"column":3}},"25":{"start":{"line":44,"column":20},"end":{"line":44,"column":53}},"26":{"start":{"line":45,"column":4},"end":{"line":49,"column":5}},"27":{"start":{"line":46,"column":6},"end":{"line":48,"column":71}},"28":{"start":{"line":50,"column":4},"end":{"line":50,"column":34}},"29":{"start":{"line":52,"column":4},"end":{"line":52,"column":16}},"30":{"start":{"line":56,"column":22},"end":{"line":82,"column":1}},"31":{"start":{"line":57,"column":20},"end":{"line":57,"column":37}},"32":{"start":{"line":58,"column":2},"end":{"line":60,"column":3}},"33":{"start":{"line":59,"column":4},"end":{"line":59,"column":64}},"34":{"start":{"line":61,"column":27},"end":{"line":63,"column":4}},"35":{"start":{"line":64,"column":2},"end":{"line":69,"column":3}},"36":{"start":{"line":65,"column":4},"end":{"line":68,"column":7}},"37":{"start":{"line":67,"column":42},"end":{"line":67,"column":53}},"38":{"start":{"line":70,"column":2},"end":{"line":81,"column":3}},"39":{"start":{"line":71,"column":20},"end":{"line":71,"column":53}},"40":{"start":{"line":72,"column":4},"end":{"line":76,"column":5}},"41":{"start":{"line":73,"column":6},"end":{"line":75,"column":71}},"42":{"start":{"line":77,"column":26},"end":{"line":77,"column":75}},"43":{"start":{"line":78,"column":4},"end":{"line":78,"column":40}},"44":{"start":{"line":80,"column":4},"end":{"line":80,"column":16}},"45":{"start":{"line":84,"column":26},"end":{"line":103,"column":1}},"46":{"start":{"line":85,"column":2},"end":{"line":102,"column":3}},"47":{"start":{"line":86,"column":22},"end":{"line":86,"column":39}},"48":{"start":{"line":87,"column":4},"end":{"line":89,"column":5}},"49":{"start":{"line":88,"column":6},"end":{"line":88,"column":66}},"50":{"start":{"line":90,"column":20},"end":{"line":90,"column":53}},"51":{"start":{"line":91,"column":4},"end":{"line":95,"column":5}},"52":{"start":{"line":92,"column":6},"end":{"line":94,"column":71}},"53":{"start":{"line":96,"column":4},"end":{"line":96,"column":47}},"54":{"start":{"line":97,"column":4},"end":{"line":99,"column":7}},"55":{"start":{"line":101,"column":4},"end":{"line":101,"column":16}},"56":{"start":{"line":105,"column":0},"end":{"line":111,"column":2}}},"fnMap":{"0":{"name":"(anonymous_0)","decl":{"start":{"line":5,"column":22},"end":{"line":5,"column":23}},"loc":{"start":{"line":5,"column":48},"end":{"line":22,"column":1}},"line":5},"1":{"name":"(anonymous_1)","decl":{"start":{"line":12,"column":33},"end":{"line":12,"column":34}},"loc":{"start":{"line":12,"column":42},"end":{"line":12,"column":53}},"line":12},"2":{"name":"(anonymous_2)","decl":{"start":{"line":24,"column":20},"end":{"line":24,"column":21}},"loc":{"start":{"line":24,"column":46},"end":{"line":35,"column":1}},"line":24},"3":{"name":"(anonymous_3)","decl":{"start":{"line":37,"column":23},"end":{"line":37,"column":24}},"loc":{"start":{"line":37,"column":49},"end":{"line":54,"column":1}},"line":37},"4":{"name":"(anonymous_4)","decl":{"start":{"line":56,"column":22},"end":{"line":56,"column":23}},"loc":{"start":{"line":56,"column":48},"end":{"line":82,"column":1}},"line":56},"5":{"name":"(anonymous_5)","decl":{"start":{"line":67,"column":33},"end":{"line":67,"column":34}},"loc":{"start":{"line":67,"column":42},"end":{"line":67,"column":53}},"line":67},"6":{"name":"(anonymous_6)","decl":{"start":{"line":84,"column":26},"end":{"line":84,"column":27}},"loc":{"start":{"line":84,"column":52},"end":{"line":103,"column":1}},"line":84}},"branchMap":{"0":{"loc":{"start":{"line":9,"column":2},"end":{"line":14,"column":3}},"type":"if","locations":[{"start":{"line":9,"column":2},"end":{"line":14,"column":3}},{"start":{},"end":{}}],"line":9},"1":{"loc":{"start":{"line":28,"column":4},"end":{"line":30,"column":5}},"type":"if","locations":[{"start":{"line":28,"column":4},"end":{"line":30,"column":5}},{"start":{},"end":{}}],"line":28},"2":{"loc":{"start":{"line":40,"column":2},"end":{"line":42,"column":3}},"type":"if","locations":[{"start":{"line":40,"column":2},"end":{"line":42,"column":3}},{"start":{},"end":{}}],"line":40},"3":{"loc":{"start":{"line":45,"column":4},"end":{"line":49,"column":5}},"type":"if","locations":[{"start":{"line":45,"column":4},"end":{"line":49,"column":5}},{"start":{},"end":{}}],"line":45},"4":{"loc":{"start":{"line":58,"column":2},"end":{"line":60,"column":3}},"type":"if","locations":[{"start":{"line":58,"column":2},"end":{"line":60,"column":3}},{"start":{},"end":{}}],"line":58},"5":{"loc":{"start":{"line":64,"column":2},"end":{"line":69,"column":3}},"type":"if","locations":[{"start":{"line":64,"column":2},"end":{"line":69,"column":3}},{"start":{},"end":{}}],"line":64},"6":{"loc":{"start":{"line":72,"column":4},"end":{"line":76,"column":5}},"type":"if","locations":[{"start":{"line":72,"column":4},"end":{"line":76,"column":5}},{"start":{},"end":{}}],"line":72},"7":{"loc":{"start":{"line":87,"column":4},"end":{"line":89,"column":5}},"type":"if","locations":[{"start":{"line":87,"column":4},"end":{"line":89,"column":5}},{"start":{},"end":{}}],"line":87},"8":{"loc":{"start":{"line":91,"column":4},"end":{"line":95,"column":5}},"type":"if","locations":[{"start":{"line":91,"column":4},"end":{"line":95,"column":5}},{"start":{},"end":{}}],"line":91}},"s":{"0":1,"1":1,"2":1,"3":1,"4":0,"5":0,"6":0,"7":0,"8":0,"9":0,"10":0,"11":0,"12":0,"13":1,"14":0,"15":0,"16":0,"17":0,"18":0,"19":0,"20":1,"21":0,"22":0,"23":0,"24":0,"25":0,"26":0,"27":0,"28":0,"29":0,"30":1,"31":0,"32":0,"33":0,"34":0,"35":0,"36":0,"37":0,"38":0,"39":0,"40":0,"41":0,"42":0,"43":0,"44":0,"45":1,"46":0,"47":0,"48":0,"49":0,"50":0,"51":0,"52":0,"53":0,"54":0,"55":0,"56":1},"f":{"0":0,"1":0,"2":0,"3":0,"4":0,"5":0,"6":0},"b":{"0":[0,0],"1":[0,0],"2":[0,0],"3":[0,0],"4":[0,0],"5":[0,0],"6":[0,0],"7":[0,0],"8":[0,0]},"_coverageSchema":"1a1c01bbd47fc00a2c39e90264f33305004495a9","hash":"b018852e3a16d67fa76629fbee965f49aab95c1e"}
,"C:\\Users\\medion\\Documents\\cse341-bikeshop\\controller\\stockController.js": {"path":"C:\\Users\\medion\\Documents\\cse341-bikeshop\\controller\\stockController.js","statementMap":{"0":{"start":{"line":1,"column":14},"end":{"line":1,"column":39}},"1":{"start":{"line":2,"column":20},"end":{"line":2,"column":58}},"2":{"start":{"line":3,"column":17},"end":{"line":3,"column":36}},"3":{"start":{"line":4,"column":16},"end":{"line":4,"column":43}},"4":{"start":{"line":7,"column":24},"end":{"line":7,"column":67}},"5":{"start":{"line":7,"column":32},"end":{"line":7,"column":67}},"6":{"start":{"line":9,"column":20},"end":{"line":34,"column":1}},"7":{"start":{"line":10,"column":29},"end":{"line":10,"column":82}},"8":{"start":{"line":11,"column":4},"end":{"line":16,"column":5}},"9":{"start":{"line":12,"column":8},"end":{"line":15,"column":11}},"10":{"start":{"line":14,"column":48},"end":{"line":14,"column":59}},"11":{"start":{"line":18,"column":4},"end":{"line":33,"column":5}},"12":{"start":{"line":19,"column":8},"end":{"line":21,"column":9}},"13":{"start":{"line":20,"column":12},"end":{"line":20,"column":91}},"14":{"start":{"line":23,"column":30},"end":{"line":23,"column":76}},"15":{"start":{"line":24,"column":8},"end":{"line":26,"column":9}},"16":{"start":{"line":25,"column":12},"end":{"line":25,"column":96}},"17":{"start":{"line":28,"column":22},"end":{"line":28,"column":38}},"18":{"start":{"line":29,"column":25},"end":{"line":29,"column":43}},"19":{"start":{"line":30,"column":8},"end":{"line":30,"column":39}},"20":{"start":{"line":32,"column":8},"end":{"line":32,"column":20}},"21":{"start":{"line":36,"column":21},"end":{"line":46,"column":1}},"22":{"start":{"line":37,"column":4},"end":{"line":45,"column":5}},"23":{"start":{"line":38,"column":23},"end":{"line":38,"column":63}},"24":{"start":{"line":39,"column":8},"end":{"line":41,"column":9}},"25":{"start":{"line":40,"column":12},"end":{"line":40,"column":47}},"26":{"start":{"line":42,"column":8},"end":{"line":42,"column":37}},"27":{"start":{"line":44,"column":8},"end":{"line":44,"column":20}},"28":{"start":{"line":48,"column":27},"end":{"line":64,"column":1}},"29":{"start":{"line":49,"column":22},"end":{"line":49,"column":40}},"30":{"start":{"line":51,"column":4},"end":{"line":53,"column":4}},"31":{"start":{"line":52,"column":7},"end":{"line":52,"column":67}},"32":{"start":{"line":55,"column":4},"end":{"line":63,"column":5}},"33":{"start":{"line":56,"column":23},"end":{"line":56,"column":76}},"34":{"start":{"line":57,"column":8},"end":{"line":59,"column":9}},"35":{"start":{"line":58,"column":12},"end":{"line":58,"column":107}},"36":{"start":{"line":60,"column":8},"end":{"line":60,"column":37}},"37":{"start":{"line":62,"column":8},"end":{"line":62,"column":20}},"38":{"start":{"line":66,"column":20},"end":{"line":101,"column":1}},"39":{"start":{"line":67,"column":20},"end":{"line":67,"column":36}},"40":{"start":{"line":69,"column":4},"end":{"line":71,"column":5}},"41":{"start":{"line":70,"column":8},"end":{"line":70,"column":68}},"42":{"start":{"line":73,"column":29},"end":{"line":73,"column":82}},"43":{"start":{"line":74,"column":4},"end":{"line":79,"column":5}},"44":{"start":{"line":75,"column":8},"end":{"line":78,"column":11}},"45":{"start":{"line":77,"column":48},"end":{"line":77,"column":59}},"46":{"start":{"line":81,"column":4},"end":{"line":100,"column":5}},"47":{"start":{"line":82,"column":22},"end":{"line":82,"column":51}},"48":{"start":{"line":83,"column":8},"end":{"line":85,"column":9}},"49":{"start":{"line":84,"column":12},"end":{"line":84,"column":93}},"50":{"start":{"line":87,"column":8},"end":{"line":89,"column":9}},"51":{"start":{"line":88,"column":12},"end":{"line":88,"column":91}},"52":{"start":{"line":91,"column":30},"end":{"line":91,"column":76}},"53":{"start":{"line":92,"column":8},"end":{"line":94,"column":9}},"54":{"start":{"line":93,"column":12},"end":{"line":93,"column":96}},"55":{"start":{"line":96,"column":28},"end":{"line":96,"column":88}},"56":{"start":{"line":97,"column":8},"end":{"line":97,"column":42}},"57":{"start":{"line":99,"column":8},"end":{"line":99,"column":20}},"58":{"start":{"line":103,"column":24},"end":{"line":121,"column":1}},"59":{"start":{"line":104,"column":20},"end":{"line":104,"column":36}},"60":{"start":{"line":106,"column":4},"end":{"line":108,"column":5}},"61":{"start":{"line":107,"column":8},"end":{"line":107,"column":68}},"62":{"start":{"line":110,"column":4},"end":{"line":120,"column":5}},"63":{"start":{"line":111,"column":22},"end":{"line":111,"column":51}},"64":{"start":{"line":112,"column":8},"end":{"line":114,"column":9}},"65":{"start":{"line":113,"column":12},"end":{"line":113,"column":93}},"66":{"start":{"line":116,"column":8},"end":{"line":116,"column":47}},"67":{"start":{"line":117,"column":8},"end":{"line":117,"column":103}},"68":{"start":{"line":119,"column":8},"end":{"line":119,"column":20}},"69":{"start":{"line":123,"column":0},"end":{"line":129,"column":2}}},"fnMap":{"0":{"name":"(anonymous_0)","decl":{"start":{"line":7,"column":24},"end":{"line":7,"column":25}},"loc":{"start":{"line":7,"column":32},"end":{"line":7,"column":67}},"line":7},"1":{"name":"(anonymous_1)","decl":{"start":{"line":9,"column":20},"end":{"line":9,"column":21}},"loc":{"start":{"line":9,"column":46},"end":{"line":34,"column":1}},"line":9},"2":{"name":"(anonymous_2)","decl":{"start":{"line":14,"column":39},"end":{"line":14,"column":40}},"loc":{"start":{"line":14,"column":48},"end":{"line":14,"column":59}},"line":14},"3":{"name":"(anonymous_3)","decl":{"start":{"line":36,"column":21},"end":{"line":36,"column":22}},"loc":{"start":{"line":36,"column":47},"end":{"line":46,"column":1}},"line":36},"4":{"name":"(anonymous_4)","decl":{"start":{"line":48,"column":27},"end":{"line":48,"column":28}},"loc":{"start":{"line":48,"column":53},"end":{"line":64,"column":1}},"line":48},"5":{"name":"(anonymous_5)","decl":{"start":{"line":66,"column":20},"end":{"line":66,"column":21}},"loc":{"start":{"line":66,"column":46},"end":{"line":101,"column":1}},"line":66},"6":{"name":"(anonymous_6)","decl":{"start":{"line":77,"column":39},"end":{"line":77,"column":40}},"loc":{"start":{"line":77,"column":48},"end":{"line":77,"column":59}},"line":77},"7":{"name":"(anonymous_7)","decl":{"start":{"line":103,"column":24},"end":{"line":103,"column":25}},"loc":{"start":{"line":103,"column":50},"end":{"line":121,"column":1}},"line":103}},"branchMap":{"0":{"loc":{"start":{"line":11,"column":4},"end":{"line":16,"column":5}},"type":"if","locations":[{"start":{"line":11,"column":4},"end":{"line":16,"column":5}},{"start":{},"end":{}}],"line":11},"1":{"loc":{"start":{"line":19,"column":8},"end":{"line":21,"column":9}},"type":"if","locations":[{"start":{"line":19,"column":8},"end":{"line":21,"column":9}},{"start":{},"end":{}}],"line":19},"2":{"loc":{"start":{"line":24,"column":8},"end":{"line":26,"column":9}},"type":"if","locations":[{"start":{"line":24,"column":8},"end":{"line":26,"column":9}},{"start":{},"end":{}}],"line":24},"3":{"loc":{"start":{"line":39,"column":8},"end":{"line":41,"column":9}},"type":"if","locations":[{"start":{"line":39,"column":8},"end":{"line":41,"column":9}},{"start":{},"end":{}}],"line":39},"4":{"loc":{"start":{"line":51,"column":4},"end":{"line":53,"column":4}},"type":"if","locations":[{"start":{"line":51,"column":4},"end":{"line":53,"column":4}},{"start":{},"end":{}}],"line":51},"5":{"loc":{"start":{"line":57,"column":8},"end":{"line":59,"column":9}},"type":"if","locations":[{"start":{"line":57,"column":8},"end":{"line":59,"column":9}},{"start":{},"end":{}}],"line":57},"6":{"loc":{"start":{"line":69,"column":4},"end":{"line":71,"column":5}},"type":"if","locations":[{"start":{"line":69,"column":4},"end":{"line":71,"column":5}},{"start":{},"end":{}}],"line":69},"7":{"loc":{"start":{"line":74,"column":4},"end":{"line":79,"column":5}},"type":"if","locations":[{"start":{"line":74,"column":4},"end":{"line":79,"column":5}},{"start":{},"end":{}}],"line":74},"8":{"loc":{"start":{"line":83,"column":8},"end":{"line":85,"column":9}},"type":"if","locations":[{"start":{"line":83,"column":8},"end":{"line":85,"column":9}},{"start":{},"end":{}}],"line":83},"9":{"loc":{"start":{"line":87,"column":8},"end":{"line":89,"column":9}},"type":"if","locations":[{"start":{"line":87,"column":8},"end":{"line":89,"column":9}},{"start":{},"end":{}}],"line":87},"10":{"loc":{"start":{"line":92,"column":8},"end":{"line":94,"column":9}},"type":"if","locations":[{"start":{"line":92,"column":8},"end":{"line":94,"column":9}},{"start":{},"end":{}}],"line":92},"11":{"loc":{"start":{"line":106,"column":4},"end":{"line":108,"column":5}},"type":"if","locations":[{"start":{"line":106,"column":4},"end":{"line":108,"column":5}},{"start":{},"end":{}}],"line":106},"12":{"loc":{"start":{"line":112,"column":8},"end":{"line":114,"column":9}},"type":"if","locations":[{"start":{"line":112,"column":8},"end":{"line":114,"column":9}},{"start":{},"end":{}}],"line":112}},"s":{"0":1,"1":1,"2":1,"3":1,"4":1,"5":0,"6":1,"7":0,"8":0,"9":0,"10":0,"11":0,"12":0,"13":0,"14":0,"15":0,"16":0,"17":0,"18":0,"19":0,"20":0,"21":1,"22":0,"23":0,"24":0,"25":0,"26":0,"27":0,"28":1,"29":0,"30":0,"31":0,"32":0,"33":0,"34":0,"35":0,"36":0,"37":0,"38":1,"39":0,"40":0,"41":0,"42":0,"43":0,"44":0,"45":0,"46":0,"47":0,"48":0,"49":0,"50":0,"51":0,"52":0,"53":0,"54":0,"55":0,"56":0,"57":0,"58":1,"59":0,"60":0,"61":0,"62":0,"63":0,"64":0,"65":0,"66":0,"67":0,"68":0,"69":1},"f":{"0":0,"1":0,"2":0,"3":0,"4":0,"5":0,"6":0,"7":0},"b":{"0":[0,0],"1":[0,0],"2":[0,0],"3":[0,0],"4":[0,0],"5":[0,0],"6":[0,0],"7":[0,0],"8":[0,0],"9":[0,0],"10":[0,0],"11":[0,0],"12":[0,0]},"_coverageSchema":"1a1c01bbd47fc00a2c39e90264f33305004495a9","hash":"a71fdfbecea9750041a0c6591da6141873a9bcac"}
,"C:\\Users\\medion\\Documents\\cse341-bikeshop\\controller\\user.js": {"path":"C:\\Users\\medion\\Documents\\cse341-bikeshop\\controller\\user.js","statementMap":{"0":{"start":{"line":1,"column":13},"end":{"line":1,"column":37}},"1":{"start":{"line":2,"column":19},"end":{"line":2,"column":55}},"2":{"start":{"line":3,"column":17},"end":{"line":3,"column":36}},"3":{"start":{"line":5,"column":20},"end":{"line":16,"column":3}},"4":{"start":{"line":6,"column":4},"end":{"line":15,"column":5}},"5":{"start":{"line":7,"column":20},"end":{"line":7,"column":37}},"6":{"start":{"line":9,"column":6},"end":{"line":11,"column":7}},"7":{"start":{"line":10,"column":8},"end":{"line":10,"column":42}},"8":{"start":{"line":12,"column":6},"end":{"line":12,"column":34}},"9":{"start":{"line":14,"column":6},"end":{"line":14,"column":18}},"10":{"start":{"line":18,"column":16},"end":{"line":35,"column":1}},"11":{"start":{"line":19,"column":15},"end":{"line":19,"column":32}},"12":{"start":{"line":21,"column":4},"end":{"line":23,"column":5}},"13":{"start":{"line":22,"column":8},"end":{"line":22,"column":68}},"14":{"start":{"line":24,"column":8},"end":{"line":34,"column":5}},"15":{"start":{"line":25,"column":25},"end":{"line":25,"column":52}},"16":{"start":{"line":26,"column":12},"end":{"line":30,"column":13}},"17":{"start":{"line":27,"column":12},"end":{"line":29,"column":63}},"18":{"start":{"line":31,"column":12},"end":{"line":31,"column":39}},"19":{"start":{"line":33,"column":12},"end":{"line":33,"column":24}},"20":{"start":{"line":37,"column":16},"end":{"line":54,"column":1}},"21":{"start":{"line":38,"column":27},"end":{"line":40,"column":4}},"22":{"start":{"line":41,"column":2},"end":{"line":46,"column":3}},"23":{"start":{"line":42,"column":4},"end":{"line":45,"column":7}},"24":{"start":{"line":44,"column":42},"end":{"line":44,"column":53}},"25":{"start":{"line":47,"column":2},"end":{"line":53,"column":3}},"26":{"start":{"line":48,"column":17},"end":{"line":48,"column":32}},"27":{"start":{"line":49,"column":20},"end":{"line":49,"column":37}},"28":{"start":{"line":50,"column":4},"end":{"line":50,"column":34}},"29":{"start":{"line":52,"column":4},"end":{"line":52,"column":16}},"30":{"start":{"line":56,"column":19},"end":{"line":82,"column":1}},"31":{"start":{"line":57,"column":17},"end":{"line":57,"column":34}},"32":{"start":{"line":58,"column":2},"end":{"line":60,"column":3}},"33":{"start":{"line":59,"column":4},"end":{"line":59,"column":64}},"34":{"start":{"line":61,"column":27},"end":{"line":63,"column":4}},"35":{"start":{"line":64,"column":2},"end":{"line":69,"column":3}},"36":{"start":{"line":65,"column":4},"end":{"line":68,"column":7}},"37":{"start":{"line":67,"column":42},"end":{"line":67,"column":53}},"38":{"start":{"line":70,"column":2},"end":{"line":81,"column":3}},"39":{"start":{"line":71,"column":17},"end":{"line":71,"column":44}},"40":{"start":{"line":72,"column":4},"end":{"line":76,"column":5}},"41":{"start":{"line":73,"column":6},"end":{"line":75,"column":55}},"42":{"start":{"line":77,"column":23},"end":{"line":77,"column":66}},"43":{"start":{"line":78,"column":4},"end":{"line":78,"column":37}},"44":{"start":{"line":80,"column":4},"end":{"line":80,"column":16}},"45":{"start":{"line":84,"column":19},"end":{"line":103,"column":1}},"46":{"start":{"line":85,"column":2},"end":{"line":102,"column":3}},"47":{"start":{"line":86,"column":19},"end":{"line":86,"column":36}},"48":{"start":{"line":87,"column":4},"end":{"line":89,"column":5}},"49":{"start":{"line":88,"column":6},"end":{"line":88,"column":66}},"50":{"start":{"line":90,"column":17},"end":{"line":90,"column":44}},"51":{"start":{"line":91,"column":4},"end":{"line":95,"column":5}},"52":{"start":{"line":92,"column":6},"end":{"line":94,"column":56}},"53":{"start":{"line":96,"column":4},"end":{"line":96,"column":41}},"54":{"start":{"line":97,"column":4},"end":{"line":99,"column":7}},"55":{"start":{"line":101,"column":4},"end":{"line":101,"column":16}},"56":{"start":{"line":105,"column":0},"end":{"line":111,"column":2}}},"fnMap":{"0":{"name":"(anonymous_0)","decl":{"start":{"line":5,"column":20},"end":{"line":5,"column":21}},"loc":{"start":{"line":5,"column":46},"end":{"line":16,"column":3}},"line":5},"1":{"name":"(anonymous_1)","decl":{"start":{"line":18,"column":16},"end":{"line":18,"column":17}},"loc":{"start":{"line":18,"column":42},"end":{"line":35,"column":1}},"line":18},"2":{"name":"(anonymous_2)","decl":{"start":{"line":37,"column":16},"end":{"line":37,"column":17}},"loc":{"start":{"line":37,"column":42},"end":{"line":54,"column":1}},"line":37},"3":{"name":"(anonymous_3)","decl":{"start":{"line":44,"column":33},"end":{"line":44,"column":34}},"loc":{"start":{"line":44,"column":42},"end":{"line":44,"column":53}},"line":44},"4":{"name":"(anonymous_4)","decl":{"start":{"line":56,"column":19},"end":{"line":56,"column":20}},"loc":{"start":{"line":56,"column":45},"end":{"line":82,"column":1}},"line":56},"5":{"name":"(anonymous_5)","decl":{"start":{"line":67,"column":33},"end":{"line":67,"column":34}},"loc":{"start":{"line":67,"column":42},"end":{"line":67,"column":53}},"line":67},"6":{"name":"(anonymous_6)","decl":{"start":{"line":84,"column":19},"end":{"line":84,"column":20}},"loc":{"start":{"line":84,"column":45},"end":{"line":103,"column":1}},"line":84}},"branchMap":{"0":{"loc":{"start":{"line":9,"column":6},"end":{"line":11,"column":7}},"type":"if","locations":[{"start":{"line":9,"column":6},"end":{"line":11,"column":7}},{"start":{},"end":{}}],"line":9},"1":{"loc":{"start":{"line":21,"column":4},"end":{"line":23,"column":5}},"type":"if","locations":[{"start":{"line":21,"column":4},"end":{"line":23,"column":5}},{"start":{},"end":{}}],"line":21},"2":{"loc":{"start":{"line":26,"column":12},"end":{"line":30,"column":13}},"type":"if","locations":[{"start":{"line":26,"column":12},"end":{"line":30,"column":13}},{"start":{},"end":{}}],"line":26},"3":{"loc":{"start":{"line":41,"column":2},"end":{"line":46,"column":3}},"type":"if","locations":[{"start":{"line":41,"column":2},"end":{"line":46,"column":3}},{"start":{},"end":{}}],"line":41},"4":{"loc":{"start":{"line":58,"column":2},"end":{"line":60,"column":3}},"type":"if","locations":[{"start":{"line":58,"column":2},"end":{"line":60,"column":3}},{"start":{},"end":{}}],"line":58},"5":{"loc":{"start":{"line":64,"column":2},"end":{"line":69,"column":3}},"type":"if","locations":[{"start":{"line":64,"column":2},"end":{"line":69,"column":3}},{"start":{},"end":{}}],"line":64},"6":{"loc":{"start":{"line":72,"column":4},"end":{"line":76,"column":5}},"type":"if","locations":[{"start":{"line":72,"column":4},"end":{"line":76,"column":5}},{"start":{},"end":{}}],"line":72},"7":{"loc":{"start":{"line":87,"column":4},"end":{"line":89,"column":5}},"type":"if","locations":[{"start":{"line":87,"column":4},"end":{"line":89,"column":5}},{"start":{},"end":{}}],"line":87},"8":{"loc":{"start":{"line":91,"column":4},"end":{"line":95,"column":5}},"type":"if","locations":[{"start":{"line":91,"column":4},"end":{"line":95,"column":5}},{"start":{},"end":{}}],"line":91}},"s":{"0":1,"1":1,"2":1,"3":1,"4":0,"5":0,"6":0,"7":0,"8":0,"9":0,"10":1,"11":0,"12":0,"13":0,"14":0,"15":0,"16":0,"17":0,"18":0,"19":0,"20":1,"21":0,"22":0,"23":0,"24":0,"25":0,"26":0,"27":0,"28":0,"29":0,"30":1,"31":0,"32":0,"33":0,"34":0,"35":0,"36":0,"37":0,"38":0,"39":0,"40":0,"41":0,"42":0,"43":0,"44":0,"45":1,"46":0,"47":0,"48":0,"49":0,"50":0,"51":0,"52":0,"53":0,"54":0,"55":0,"56":1},"f":{"0":0,"1":0,"2":0,"3":0,"4":0,"5":0,"6":0},"b":{"0":[0,0],"1":[0,0],"2":[0,0],"3":[0,0],"4":[0,0],"5":[0,0],"6":[0,0],"7":[0,0],"8":[0,0]},"_coverageSchema":"1a1c01bbd47fc00a2c39e90264f33305004495a9","hash":"3e13d479d04a867545080165c4a6da792aab3f03"}
,"C:\\Users\\medion\\Documents\\cse341-bikeshop\\model\\Order.js": {"path":"C:\\Users\\medion\\Documents\\cse341-bikeshop\\model\\Order.js","statementMap":{"0":{"start":{"line":1,"column":17},"end":{"line":1,"column":36}},"1":{"start":{"line":4,"column":20},"end":{"line":15,"column":2}},"2":{"start":{"line":17,"column":0},"end":{"line":17,"column":54}}},"fnMap":{},"branchMap":{},"s":{"0":1,"1":1,"2":1},"f":{},"b":{},"_coverageSchema":"1a1c01bbd47fc00a2c39e90264f33305004495a9","hash":"257fddffd98d68fd72f111a492b4173f0cc964d6"}
,"C:\\Users\\medion\\Documents\\cse341-bikeshop\\model\\Product.js": {"path":"C:\\Users\\medion\\Documents\\cse341-bikeshop\\model\\Product.js","statementMap":{"0":{"start":{"line":1,"column":17},"end":{"line":1,"column":36}},"1":{"start":{"line":3,"column":22},"end":{"line":39,"column":2}},"2":{"start":{"line":41,"column":0},"end":{"line":41,"column":58}}},"fnMap":{},"branchMap":{},"s":{"0":1,"1":1,"2":1},"f":{},"b":{},"_coverageSchema":"1a1c01bbd47fc00a2c39e90264f33305004495a9","hash":"76c7510dace914bd474f1b9fe4c5f7f6b765c134"}
,"C:\\Users\\medion\\Documents\\cse341-bikeshop\\model\\Stock.js": {"path":"C:\\Users\\medion\\Documents\\cse341-bikeshop\\model\\Stock.js","statementMap":{"0":{"start":{"line":1,"column":17},"end":{"line":1,"column":36}},"1":{"start":{"line":2,"column":20},"end":{"line":17,"column":2}},"2":{"start":{"line":19,"column":0},"end":{"line":19,"column":54}}},"fnMap":{},"branchMap":{},"s":{"0":1,"1":1,"2":1},"f":{},"b":{},"_coverageSchema":"1a1c01bbd47fc00a2c39e90264f33305004495a9","hash":"2da180353fb20c584db9d9c40dddbc7e519cb1b4"}
,"C:\\Users\\medion\\Documents\\cse341-bikeshop\\model\\User.js": {"path":"C:\\Users\\medion\\Documents\\cse341-bikeshop\\model\\User.js","statementMap":{"0":{"start":{"line":1,"column":17},"end":{"line":1,"column":36}},"1":{"start":{"line":3,"column":19},"end":{"line":33,"column":2}},"2":{"start":{"line":35,"column":0},"end":{"line":35,"column":52}}},"fnMap":{},"branchMap":{},"s":{"0":1,"1":1,"2":1},"f":{},"b":{},"_coverageSchema":"1a1c01bbd47fc00a2c39e90264f33305004495a9","hash":"ebd6306258d0f15f31796ac02129448b81bb92b7"}
,"C:\\Users\\medion\\Documents\\cse341-bikeshop\\routes\\index.js": {"path":"C:\\Users\\medion\\Documents\\cse341-bikeshop\\routes\\index.js","statementMap":{"0":{"start":{"line":1,"column":16},"end":{"line":1,"column":34}},"1":{"start":{"line":2,"column":15},"end":{"line":2,"column":31}},"2":{"start":{"line":3,"column":17},"end":{"line":3,"column":36}},"3":{"start":{"line":4,"column":18},"end":{"line":4,"column":47}},"4":{"start":{"line":5,"column":24},"end":{"line":5,"column":50}},"5":{"start":{"line":7,"column":0},"end":{"line":7,"column":41}},"6":{"start":{"line":8,"column":0},"end":{"line":8,"column":58}},"7":{"start":{"line":10,"column":0},"end":{"line":10,"column":54}},"8":{"start":{"line":12,"column":0},"end":{"line":19,"column":3}},"9":{"start":{"line":13,"column":2},"end":{"line":18,"column":5}},"10":{"start":{"line":14,"column":4},"end":{"line":16,"column":5}},"11":{"start":{"line":15,"column":6},"end":{"line":15,"column":25}},"12":{"start":{"line":17,"column":4},"end":{"line":17,"column":36}},"13":{"start":{"line":21,"column":0},"end":{"line":21,"column":51}},"14":{"start":{"line":22,"column":0},"end":{"line":22,"column":48}},"15":{"start":{"line":23,"column":0},"end":{"line":23,"column":45}},"16":{"start":{"line":24,"column":0},"end":{"line":24,"column":46}},"17":{"start":{"line":26,"column":0},"end":{"line":26,"column":24}}},"fnMap":{"0":{"name":"(anonymous_0)","decl":{"start":{"line":12,"column":22},"end":{"line":12,"column":23}},"loc":{"start":{"line":12,"column":42},"end":{"line":19,"column":1}},"line":12},"1":{"name":"(anonymous_1)","decl":{"start":{"line":13,"column":13},"end":{"line":13,"column":14}},"loc":{"start":{"line":13,"column":24},"end":{"line":18,"column":3}},"line":13}},"branchMap":{"0":{"loc":{"start":{"line":14,"column":4},"end":{"line":16,"column":5}},"type":"if","locations":[{"start":{"line":14,"column":4},"end":{"line":16,"column":5}},{"start":{},"end":{}}],"line":14}},"s":{"0":1,"1":1,"2":1,"3":1,"4":1,"5":1,"6":1,"7":1,"8":1,"9":0,"10":0,"11":0,"12":0,"13":1,"14":1,"15":1,"16":1,"17":1},"f":{"0":0,"1":0},"b":{"0":[0,0]},"_coverageSchema":"1a1c01bbd47fc00a2c39e90264f33305004495a9","hash":"d1e06edf0978a33df0a9a453edcb304fe1184846"}
,"C:\\Users\\medion\\Documents\\cse341-bikeshop\\routes\\ordersRoute.js": {"path":"C:\\Users\\medion\\Documents\\cse341-bikeshop\\routes\\ordersRoute.js","statementMap":{"0":{"start":{"line":1,"column":15},"end":{"line":1,"column":42}},"1":{"start":{"line":2,"column":19},"end":{"line":2,"column":58}},"2":{"start":{"line":3,"column":24},"end":{"line":3,"column":64}},"3":{"start":{"line":4,"column":28},"end":{"line":4,"column":64}},"4":{"start":{"line":8,"column":0},"end":{"line":13,"column":32}},"5":{"start":{"line":15,"column":0},"end":{"line":19,"column":32}},"6":{"start":{"line":23,"column":0},"end":{"line":27,"column":1}},"7":{"start":{"line":29,"column":0},"end":{"line":32,"column":34}},"8":{"start":{"line":36,"column":0},"end":{"line":41,"column":1}},"9":{"start":{"line":42,"column":0},"end":{"line":47,"column":1}},"10":{"start":{"line":49,"column":0},"end":{"line":54,"column":1}},"11":{"start":{"line":57,"column":0},"end":{"line":57,"column":24}}},"fnMap":{},"branchMap":{},"s":{"0":1,"1":1,"2":1,"3":1,"4":1,"5":1,"6":1,"7":1,"8":1,"9":1,"10":1,"11":1},"f":{},"b":{},"_coverageSchema":"1a1c01bbd47fc00a2c39e90264f33305004495a9","hash":"dc74c8fc41c21d01b5805d4b4d846dd6b1c6f555"}
,"C:\\Users\\medion\\Documents\\cse341-bikeshop\\routes\\productRoute.js": {"path":"C:\\Users\\medion\\Documents\\cse341-bikeshop\\routes\\productRoute.js","statementMap":{"0":{"start":{"line":1,"column":16},"end":{"line":1,"column":34}},"1":{"start":{"line":2,"column":15},"end":{"line":2,"column":31}},"2":{"start":{"line":3,"column":23},"end":{"line":3,"column":65}},"3":{"start":{"line":4,"column":28},"end":{"line":4,"column":64}},"4":{"start":{"line":6,"column":0},"end":{"line":10,"column":2}},"5":{"start":{"line":12,"column":0},"end":{"line":27,"column":2}},"6":{"start":{"line":29,"column":0},"end":{"line":33,"column":2}},"7":{"start":{"line":35,"column":0},"end":{"line":57,"column":2}},"8":{"start":{"line":59,"column":0},"end":{"line":64,"column":2}},"9":{"start":{"line":66,"column":0},"end":{"line":66,"column":24}}},"fnMap":{},"branchMap":{},"s":{"0":1,"1":1,"2":1,"3":1,"4":1,"5":1,"6":1,"7":1,"8":1,"9":1},"f":{},"b":{},"_coverageSchema":"1a1c01bbd47fc00a2c39e90264f33305004495a9","hash":"2635de260ff41ee64781a0fea596325b55b402f3"}
,"C:\\Users\\medion\\Documents\\cse341-bikeshop\\routes\\stockRoute.js": {"path":"C:\\Users\\medion\\Documents\\cse341-bikeshop\\routes\\stockRoute.js","statementMap":{"0":{"start":{"line":1,"column":16},"end":{"line":1,"column":34}},"1":{"start":{"line":2,"column":15},"end":{"line":2,"column":31}},"2":{"start":{"line":3,"column":24},"end":{"line":3,"column":64}},"3":{"start":{"line":5,"column":0},"end":{"line":5,"column":46}},"4":{"start":{"line":6,"column":0},"end":{"line":6,"column":58}},"5":{"start":{"line":7,"column":0},"end":{"line":7,"column":61}},"6":{"start":{"line":9,"column":0},"end":{"line":9,"column":58}},"7":{"start":{"line":11,"column":0},"end":{"line":11,"column":24}}},"fnMap":{},"branchMap":{},"s":{"0":1,"1":1,"2":1,"3":1,"4":1,"5":1,"6":1,"7":1},"f":{},"b":{},"_coverageSchema":"1a1c01bbd47fc00a2c39e90264f33305004495a9","hash":"e6e595b38270550057427825ba9551242d100c4a"}
,"C:\\Users\\medion\\Documents\\cse341-bikeshop\\routes\\userRoute.js": {"path":"C:\\Users\\medion\\Documents\\cse341-bikeshop\\routes\\userRoute.js","statementMap":{"0":{"start":{"line":1,"column":16},"end":{"line":1,"column":34}},"1":{"start":{"line":2,"column":15},"end":{"line":2,"column":31}},"2":{"start":{"line":3,"column":13},"end":{"line":3,"column":42}},"3":{"start":{"line":4,"column":28},"end":{"line":4,"column":64}},"4":{"start":{"line":6,"column":0},"end":{"line":10,"column":2}},"5":{"start":{"line":12,"column":0},"end":{"line":16,"column":2}},"6":{"start":{"line":18,"column":0},"end":{"line":30,"column":2}},"7":{"start":{"line":32,"column":0},"end":{"line":44,"column":2}},"8":{"start":{"line":46,"column":0},"end":{"line":51,"column":2}},"9":{"start":{"line":53,"column":0},"end":{"line":53,"column":24}}},"fnMap":{},"branchMap":{},"s":{"0":1,"1":1,"2":1,"3":1,"4":1,"5":1,"6":1,"7":1,"8":1,"9":1},"f":{},"b":{},"_coverageSchema":"1a1c01bbd47fc00a2c39e90264f33305004495a9","hash":"1189b75636c15cfe4a207f6443e525cf6c14d5c9"}
,"C:\\Users\\medion\\Documents\\cse341-bikeshop\\utilities\\authenticate.js": {"path":"C:\\Users\\medion\\Documents\\cse341-bikeshop\\utilities\\authenticate.js","statementMap":{"0":{"start":{"line":1,"column":24},"end":{"line":6,"column":1}},"1":{"start":{"line":2,"column":2},"end":{"line":4,"column":3}},"2":{"start":{"line":3,"column":4},"end":{"line":3,"column":58}},"3":{"start":{"line":5,"column":2},"end":{"line":5,"column":9}},"4":{"start":{"line":8,"column":0},"end":{"line":8,"column":37}}},"fnMap":{"0":{"name":"(anonymous_0)","decl":{"start":{"line":1,"column":24},"end":{"line":1,"column":25}},"loc":{"start":{"line":1,"column":44},"end":{"line":6,"column":1}},"line":1}},"branchMap":{"0":{"loc":{"start":{"line":2,"column":2},"end":{"line":4,"column":3}},"type":"if","locations":[{"start":{"line":2,"column":2},"end":{"line":4,"column":3}},{"start":{},"end":{}}],"line":2}},"s":{"0":1,"1":0,"2":0,"3":0,"4":1},"f":{"0":0},"b":{"0":[0,0]},"_coverageSchema":"1a1c01bbd47fc00a2c39e90264f33305004495a9","hash":"38e2ee56162bf1fbdb84b057621479fc74797d48"}
,"C:\\Users\\medion\\Documents\\cse341-bikeshop\\utilities\\orderValidation.js": {"path":"C:\\Users\\medion\\Documents\\cse341-bikeshop\\utilities\\orderValidation.js","statementMap":{"0":{"start":{"line":56,"column":0},"end":{"line":56,"column":25}},"1":{"start":{"line":57,"column":0},"end":{"line":57,"column":28}},"2":{"start":{"line":59,"column":12},"end":{"line":59,"column":26}},"3":{"start":{"line":60,"column":17},"end":{"line":60,"column":36}},"4":{"start":{"line":61,"column":16},"end":{"line":61,"column":41}},"5":{"start":{"line":62,"column":13},"end":{"line":62,"column":35}},"6":{"start":{"line":64,"column":23},"end":{"line":83,"column":2}},"7":{"start":{"line":67,"column":30},"end":{"line":67,"column":76}},"8":{"start":{"line":68,"column":8},"end":{"line":70,"column":9}},"9":{"start":{"line":69,"column":12},"end":{"line":69,"column":89}},"10":{"start":{"line":71,"column":8},"end":{"line":71,"column":23}},"11":{"start":{"line":85,"column":20},"end":{"line":98,"column":2}},"12":{"start":{"line":92,"column":27},"end":{"line":92,"column":59}},"13":{"start":{"line":93,"column":8},"end":{"line":95,"column":9}},"14":{"start":{"line":94,"column":12},"end":{"line":94,"column":56}},"15":{"start":{"line":96,"column":8},"end":{"line":96,"column":22}},"16":{"start":{"line":100,"column":22},"end":{"line":109,"column":1}},"17":{"start":{"line":101,"column":4},"end":{"line":101,"column":26}},"18":{"start":{"line":102,"column":4},"end":{"line":108,"column":5}},"19":{"start":{"line":103,"column":8},"end":{"line":103,"column":50}},"20":{"start":{"line":105,"column":8},"end":{"line":105,"column":14}},"21":{"start":{"line":107,"column":8},"end":{"line":107,"column":77}},"22":{"start":{"line":111,"column":0},"end":{"line":111,"column":31}}},"fnMap":{"0":{"name":"(anonymous_0)","decl":{"start":{"line":66,"column":16},"end":{"line":66,"column":17}},"loc":{"start":{"line":66,"column":44},"end":{"line":72,"column":5}},"line":66},"1":{"name":"(anonymous_1)","decl":{"start":{"line":91,"column":32},"end":{"line":91,"column":33}},"loc":{"start":{"line":91,"column":59},"end":{"line":97,"column":5}},"line":91},"2":{"name":"(anonymous_2)","decl":{"start":{"line":100,"column":22},"end":{"line":100,"column":23}},"loc":{"start":{"line":100,"column":48},"end":{"line":109,"column":1}},"line":100}},"branchMap":{"0":{"loc":{"start":{"line":68,"column":8},"end":{"line":70,"column":9}},"type":"if","locations":[{"start":{"line":68,"column":8},"end":{"line":70,"column":9}},{"start":{},"end":{}}],"line":68},"1":{"loc":{"start":{"line":93,"column":8},"end":{"line":95,"column":9}},"type":"if","locations":[{"start":{"line":93,"column":8},"end":{"line":95,"column":9}},{"start":{},"end":{}}],"line":93}},"s":{"0":1,"1":1,"2":1,"3":1,"4":1,"5":1,"6":1,"7":0,"8":0,"9":0,"10":0,"11":1,"12":0,"13":0,"14":0,"15":0,"16":1,"17":0,"18":0,"19":0,"20":0,"21":0,"22":1},"f":{"0":0,"1":0,"2":0},"b":{"0":[0,0],"1":[0,0]},"_coverageSchema":"1a1c01bbd47fc00a2c39e90264f33305004495a9","hash":"aeb5f8211b7a945560cd4f137c893e73affd37dd"}
,"C:\\Users\\medion\\Documents\\cse341-bikeshop\\utilities\\productvalidator.js": {"path":"C:\\Users\\medion\\Documents\\cse341-bikeshop\\utilities\\productvalidator.js","statementMap":{"0":{"start":{"line":1,"column":12},"end":{"line":1,"column":26}},"1":{"start":{"line":3,"column":22},"end":{"line":17,"column":2}},"2":{"start":{"line":19,"column":0},"end":{"line":19,"column":31}}},"fnMap":{},"branchMap":{},"s":{"0":1,"1":1,"2":1},"f":{},"b":{},"_coverageSchema":"1a1c01bbd47fc00a2c39e90264f33305004495a9","hash":"101c4ab2534be360e77cecdefa65b8d486c8d90d"}
,"C:\\Users\\medion\\Documents\\cse341-bikeshop\\utilities\\stockValidator.js": {"path":"C:\\Users\\medion\\Documents\\cse341-bikeshop\\utilities\\stockValidator.js","statementMap":{"0":{"start":{"line":1,"column":12},"end":{"line":1,"column":26}},"1":{"start":{"line":3,"column":20},"end":{"line":7,"column":2}},"2":{"start":{"line":9,"column":0},"end":{"line":9,"column":29}}},"fnMap":{},"branchMap":{},"s":{"0":1,"1":1,"2":1},"f":{},"b":{},"_coverageSchema":"1a1c01bbd47fc00a2c39e90264f33305004495a9","hash":"82d2527e713c91cc043f4a3e1d4a33a831f189fb"}
,"C:\\Users\\medion\\Documents\\cse341-bikeshop\\utilities\\userValidate.js": {"path":"C:\\Users\\medion\\Documents\\cse341-bikeshop\\utilities\\userValidate.js","statementMap":{"0":{"start":{"line":1,"column":12},"end":{"line":1,"column":26}},"1":{"start":{"line":3,"column":19},"end":{"line":11,"column":2}},"2":{"start":{"line":13,"column":0},"end":{"line":13,"column":28}}},"fnMap":{},"branchMap":{},"s":{"0":1,"1":1,"2":1},"f":{},"b":{},"_coverageSchema":"1a1c01bbd47fc00a2c39e90264f33305004495a9","hash":"ec8a4f047cd127af4927ece4ba0df45f5fae7c99"}
}
